Построение начато 24.01.2014 19:12:39.
     1>Проект "C:\Users\Илья\Documents\Visual Studio 2008\Projects\WE_ARE_THE_PRISONERS\WE_ARE_THE_PRISONERS\WE_ARE_THE_PRISONERS.vcxproj" в узле 2 (целевые объекты build).
     1>InitializeBuildStatus:
         Создание "Debug\WE_ARE_THE_PRISONERS.unsuccessfulbuild", так как было задано "AlwaysCreate".
       GenerateTargetFrameworkMonikerAttribute:
       Целевой объект "GenerateTargetFrameworkMonikerAttribute" пропускается, так как все выходные файлы актуальны по отношению к входным.
       ClCompile:
         Для всех выходных данных обновления не требуется.
         c:\Program Files (x86)\Microsoft Visual Studio 10.0\VC\bin\CL.exe /c /AI"C:\Program Files (x86)\Reference Assemblies\Microsoft\Framework\.NETFramework\v4.0" /Zi /clr:pure /nologo /W3 /WX- /Od /Oy- /D WIN32 /D _DEBUG /D _UNICODE /D UNICODE /EHa /MDd /GS /fp:precise /Zc:wchar_t /Zc:forScope /Yu"StdAfx.h" /Fp"Debug\WE_ARE_THE_PRISONERS.pch" /Fo"Debug\\" /Fd"Debug\vc100.pdb" /TP /FU"C:\Program Files (x86)\Reference Assemblies\Microsoft\Framework\.NETFramework\v4.0\System.Core.dll" /FU"C:\Program Files (x86)\Reference Assemblies\Microsoft\Framework\.NETFramework\v4.0\System.Data.dll" /FU"C:\Program Files (x86)\Reference Assemblies\Microsoft\Framework\.NETFramework\v4.0\System.dll" /FU"C:\Program Files (x86)\Reference Assemblies\Microsoft\Framework\.NETFramework\v4.0\System.Drawing.dll" /FU"C:\Program Files (x86)\Reference Assemblies\Microsoft\Framework\.NETFramework\v4.0\System.Windows.Forms.dll" /FU"C:\Program Files (x86)\Reference Assemblies\Microsoft\Framework\.NETFramework\v4.0\System.Xml.dll" /analyze- /errorReport:prompt WE_ARE_THE_PRISONERS.cpp /clr:nostdlib 
         WE_ARE_THE_PRISONERS.cpp
     1>c:\users\илья\documents\visual studio 2008\projects\we_are_the_prisoners\we_are_the_prisoners\Form1.h(119): warning C4996: 'fopen': This function or variable may be unsafe. Consider using fopen_s instead. To disable deprecation, use _CRT_SECURE_NO_WARNINGS. See online help for details.
                 c:\Program Files (x86)\Microsoft Visual Studio 10.0\VC\include\stdio.h(234): см. объявление "fopen"
     1>c:\users\илья\documents\visual studio 2008\projects\we_are_the_prisoners\we_are_the_prisoners\Form1.h(123): warning C4996: 'fscanf': This function or variable may be unsafe. Consider using fscanf_s instead. To disable deprecation, use _CRT_SECURE_NO_WARNINGS. See online help for details.
                 c:\Program Files (x86)\Microsoft Visual Studio 10.0\VC\include\stdio.h(253): см. объявление "fscanf"
     1>c:\users\илья\documents\visual studio 2008\projects\we_are_the_prisoners\we_are_the_prisoners\Form1.h(124): warning C4996: 'fscanf': This function or variable may be unsafe. Consider using fscanf_s instead. To disable deprecation, use _CRT_SECURE_NO_WARNINGS. See online help for details.
                 c:\Program Files (x86)\Microsoft Visual Studio 10.0\VC\include\stdio.h(253): см. объявление "fscanf"
     1>c:\users\илья\documents\visual studio 2008\projects\we_are_the_prisoners\we_are_the_prisoners\Form1.h(125): warning C4996: 'fscanf': This function or variable may be unsafe. Consider using fscanf_s instead. To disable deprecation, use _CRT_SECURE_NO_WARNINGS. See online help for details.
                 c:\Program Files (x86)\Microsoft Visual Studio 10.0\VC\include\stdio.h(253): см. объявление "fscanf"
     1>c:\users\илья\documents\visual studio 2008\projects\we_are_the_prisoners\we_are_the_prisoners\Form1.h(126): warning C4996: 'fscanf': This function or variable may be unsafe. Consider using fscanf_s instead. To disable deprecation, use _CRT_SECURE_NO_WARNINGS. See online help for details.
                 c:\Program Files (x86)\Microsoft Visual Studio 10.0\VC\include\stdio.h(253): см. объявление "fscanf"
     1>c:\users\илья\documents\visual studio 2008\projects\we_are_the_prisoners\we_are_the_prisoners\Form1.h(127): warning C4996: 'fscanf': This function or variable may be unsafe. Consider using fscanf_s instead. To disable deprecation, use _CRT_SECURE_NO_WARNINGS. See online help for details.
                 c:\Program Files (x86)\Microsoft Visual Studio 10.0\VC\include\stdio.h(253): см. объявление "fscanf"
     1>c:\users\илья\documents\visual studio 2008\projects\we_are_the_prisoners\we_are_the_prisoners\Form1.h(128): warning C4996: 'fscanf': This function or variable may be unsafe. Consider using fscanf_s instead. To disable deprecation, use _CRT_SECURE_NO_WARNINGS. See online help for details.
                 c:\Program Files (x86)\Microsoft Visual Studio 10.0\VC\include\stdio.h(253): см. объявление "fscanf"
     1>c:\users\илья\documents\visual studio 2008\projects\we_are_the_prisoners\we_are_the_prisoners\Form1.h(129): warning C4996: 'fscanf': This function or variable may be unsafe. Consider using fscanf_s instead. To disable deprecation, use _CRT_SECURE_NO_WARNINGS. See online help for details.
                 c:\Program Files (x86)\Microsoft Visual Studio 10.0\VC\include\stdio.h(253): см. объявление "fscanf"
     1>c:\users\илья\documents\visual studio 2008\projects\we_are_the_prisoners\we_are_the_prisoners\Form1.h(130): warning C4996: 'fscanf': This function or variable may be unsafe. Consider using fscanf_s instead. To disable deprecation, use _CRT_SECURE_NO_WARNINGS. See online help for details.
                 c:\Program Files (x86)\Microsoft Visual Studio 10.0\VC\include\stdio.h(253): см. объявление "fscanf"
     1>c:\users\илья\documents\visual studio 2008\projects\we_are_the_prisoners\we_are_the_prisoners\Form1.h(131): warning C4996: 'fscanf': This function or variable may be unsafe. Consider using fscanf_s instead. To disable deprecation, use _CRT_SECURE_NO_WARNINGS. See online help for details.
                 c:\Program Files (x86)\Microsoft Visual Studio 10.0\VC\include\stdio.h(253): см. объявление "fscanf"
     1>c:\users\илья\documents\visual studio 2008\projects\we_are_the_prisoners\we_are_the_prisoners\Form1.h(132): warning C4996: 'fscanf': This function or variable may be unsafe. Consider using fscanf_s instead. To disable deprecation, use _CRT_SECURE_NO_WARNINGS. See online help for details.
                 c:\Program Files (x86)\Microsoft Visual Studio 10.0\VC\include\stdio.h(253): см. объявление "fscanf"
     1>c:\users\илья\documents\visual studio 2008\projects\we_are_the_prisoners\we_are_the_prisoners\Form1.h(133): warning C4996: 'fscanf': This function or variable may be unsafe. Consider using fscanf_s instead. To disable deprecation, use _CRT_SECURE_NO_WARNINGS. See online help for details.
                 c:\Program Files (x86)\Microsoft Visual Studio 10.0\VC\include\stdio.h(253): см. объявление "fscanf"
     1>c:\users\илья\documents\visual studio 2008\projects\we_are_the_prisoners\we_are_the_prisoners\Form1.h(134): warning C4996: 'fscanf': This function or variable may be unsafe. Consider using fscanf_s instead. To disable deprecation, use _CRT_SECURE_NO_WARNINGS. See online help for details.
                 c:\Program Files (x86)\Microsoft Visual Studio 10.0\VC\include\stdio.h(253): см. объявление "fscanf"
     1>c:\users\илья\documents\visual studio 2008\projects\we_are_the_prisoners\we_are_the_prisoners\Form1.h(135): warning C4996: 'fscanf': This function or variable may be unsafe. Consider using fscanf_s instead. To disable deprecation, use _CRT_SECURE_NO_WARNINGS. See online help for details.
                 c:\Program Files (x86)\Microsoft Visual Studio 10.0\VC\include\stdio.h(253): см. объявление "fscanf"
     1>c:\users\илья\documents\visual studio 2008\projects\we_are_the_prisoners\we_are_the_prisoners\Form1.h(136): warning C4996: 'fscanf': This function or variable may be unsafe. Consider using fscanf_s instead. To disable deprecation, use _CRT_SECURE_NO_WARNINGS. See online help for details.
                 c:\Program Files (x86)\Microsoft Visual Studio 10.0\VC\include\stdio.h(253): см. объявление "fscanf"
     1>c:\users\илья\documents\visual studio 2008\projects\we_are_the_prisoners\we_are_the_prisoners\Form1.h(137): warning C4996: 'fscanf': This function or variable may be unsafe. Consider using fscanf_s instead. To disable deprecation, use _CRT_SECURE_NO_WARNINGS. See online help for details.
                 c:\Program Files (x86)\Microsoft Visual Studio 10.0\VC\include\stdio.h(253): см. объявление "fscanf"
     1>c:\users\илья\documents\visual studio 2008\projects\we_are_the_prisoners\we_are_the_prisoners\Form1.h(143): warning C4996: 'fscanf': This function or variable may be unsafe. Consider using fscanf_s instead. To disable deprecation, use _CRT_SECURE_NO_WARNINGS. See online help for details.
                 c:\Program Files (x86)\Microsoft Visual Studio 10.0\VC\include\stdio.h(253): см. объявление "fscanf"
     1>c:\users\илья\documents\visual studio 2008\projects\we_are_the_prisoners\we_are_the_prisoners\Form1.h(226): warning C4244: =: преобразование "double" в "int", возможна потеря данных
     1>c:\users\илья\documents\visual studio 2008\projects\we_are_the_prisoners\we_are_the_prisoners\Form1.h(238): warning C4244: +=: преобразование "double" в "int", возможна потеря данных
     1>c:\users\илья\documents\visual studio 2008\projects\we_are_the_prisoners\we_are_the_prisoners\Form1.h(271): warning C4996: 'fopen': This function or variable may be unsafe. Consider using fopen_s instead. To disable deprecation, use _CRT_SECURE_NO_WARNINGS. See online help for details.
                 c:\Program Files (x86)\Microsoft Visual Studio 10.0\VC\include\stdio.h(234): см. объявление "fopen"
     1>c:\users\илья\documents\visual studio 2008\projects\we_are_the_prisoners\we_are_the_prisoners\Form1.h(285): warning C4996: 'fopen': This function or variable may be unsafe. Consider using fopen_s instead. To disable deprecation, use _CRT_SECURE_NO_WARNINGS. See online help for details.
                 c:\Program Files (x86)\Microsoft Visual Studio 10.0\VC\include\stdio.h(234): см. объявление "fopen"
     1>c:\users\илья\documents\visual studio 2008\projects\we_are_the_prisoners\we_are_the_prisoners\Form1.h(718): warning C4996: 'fopen': This function or variable may be unsafe. Consider using fopen_s instead. To disable deprecation, use _CRT_SECURE_NO_WARNINGS. See online help for details.
                 c:\Program Files (x86)\Microsoft Visual Studio 10.0\VC\include\stdio.h(234): см. объявление "fopen"
     1>c:\users\илья\documents\visual studio 2008\projects\we_are_the_prisoners\we_are_the_prisoners\Form1.h(721): warning C4996: 'fscanf': This function or variable may be unsafe. Consider using fscanf_s instead. To disable deprecation, use _CRT_SECURE_NO_WARNINGS. See online help for details.
                 c:\Program Files (x86)\Microsoft Visual Studio 10.0\VC\include\stdio.h(253): см. объявление "fscanf"
     1>c:\users\илья\documents\visual studio 2008\projects\we_are_the_prisoners\we_are_the_prisoners\Form1.h(766): warning C4244: =: преобразование "double" в "int", возможна потеря данных
     1>c:\users\илья\documents\visual studio 2008\projects\we_are_the_prisoners\we_are_the_prisoners\Form1.h(779): warning C4244: +=: преобразование "double" в "int", возможна потеря данных
         Для всех выходных данных обновления не требуется.
       CoreResGen:
         Для всех выходных данных обновления не требуется.
       ResourceCompile:
         Для всех выходных данных обновления не требуется.
       Link:
         c:\Program Files (x86)\Microsoft Visual Studio 10.0\VC\bin\link.exe /ERRORREPORT:PROMPT /OUT:"C:\Users\Илья\Documents\Visual Studio 2008\Projects\WE_ARE_THE_PRISONERS\Debug\WE_ARE_THE_PRISONERS.exe" /INCREMENTAL /NOLOGO /ASSEMBLYRESOURCE:Debug\WE_ARE_THE_PRISONERS.Form1.resources /MANIFEST /ManifestFile:"Debug\WE_ARE_THE_PRISONERS.exe.intermediate.manifest" /MANIFESTUAC:"level='asInvoker' uiAccess='false'" /DEBUG /PDB:"C:\Users\Илья\Documents\Visual Studio 2008\Projects\WE_ARE_THE_PRISONERS\Debug\WE_ARE_THE_PRISONERS.pdb" /ASSEMBLYDEBUG /SUBSYSTEM:WINDOWS /TLBID:1 /ENTRY:"main" /DYNAMICBASE /FIXED:NO /NXCOMPAT /MACHINE:X86 Debug\app.res
         Debug\AssemblyInfo.obj
         Debug\stdafx.obj
         Debug\WE_ARE_THE_PRISONERS.obj
         "Debug\.NETFramework,Version=v4.0.AssemblyAttributes.obj"
         WE_ARE_THE_PRISONERS.vcxproj -> C:\Users\Илья\Documents\Visual Studio 2008\Projects\WE_ARE_THE_PRISONERS\Debug\WE_ARE_THE_PRISONERS.exe
       Manifest:
         c:\Program Files (x86)\Microsoft SDKs\Windows\v7.0A\bin\mt.exe /nologo /verbose /outputresource:"C:\Users\Илья\Documents\Visual Studio 2008\Projects\WE_ARE_THE_PRISONERS\Debug\WE_ARE_THE_PRISONERS.exe;#1" /manifest Debug\WE_ARE_THE_PRISONERS.exe.intermediate.manifest
       FinalizeBuildStatus:
         Файл "Debug\WE_ARE_THE_PRISONERS.unsuccessfulbuild" удаляется.
         Обращение к "Debug\WE_ARE_THE_PRISONERS.lastbuildstate".
     1>Построение проекта "C:\Users\Илья\Documents\Visual Studio 2008\Projects\WE_ARE_THE_PRISONERS\WE_ARE_THE_PRISONERS\WE_ARE_THE_PRISONERS.vcxproj" завершено (целевые объекты build).

Построение успешно завершено.

Затраченное время: 00:00:03.44
