2;75;C:\FBS Trader 4\experts\tripleStochastic.mq4;66:50;'Kperiod' - variable not defined
2;75;C:\FBS Trader 4\experts\tripleStochastic.mq4;66:59;'Dperiod' - variable not defined
2;75;C:\FBS Trader 4\experts\tripleStochastic.mq4;66:69;'slowing' - variable not defined
2;75;C:\FBS Trader 4\experts\tripleStochastic.mq4;67:50;'Kperiod' - variable not defined
2;75;C:\FBS Trader 4\experts\tripleStochastic.mq4;67:59;'Dperiod' - variable not defined
2;75;C:\FBS Trader 4\experts\tripleStochastic.mq4;67:69;'slowing' - variable not defined
2;75;C:\FBS Trader 4\experts\tripleStochastic.mq4;69:52;'Kperiod' - variable not defined
2;75;C:\FBS Trader 4\experts\tripleStochastic.mq4;69:61;'Dperiod' - variable not defined
2;75;C:\FBS Trader 4\experts\tripleStochastic.mq4;69:71;'slowing' - variable not defined
2;75;C:\FBS Trader 4\experts\tripleStochastic.mq4;70:52;'Kperiod' - variable not defined
2;75;C:\FBS Trader 4\experts\tripleStochastic.mq4;70:61;'Dperiod' - variable not defined
2;75;C:\FBS Trader 4\experts\tripleStochastic.mq4;70:71;'slowing' - variable not defined
2;75;C:\FBS Trader 4\experts\tripleStochastic.mq4;86:98;'bottomStochastic' - variable not defined
2;75;C:\FBS Trader 4\experts\tripleStochastic.mq4;98:98;'topStochastic' - variable not defined
2;75;C:\FBS Trader 4\experts\tripleStochastic.mq4;128:51;'Kperiod' - variable not defined
2;75;C:\FBS Trader 4\experts\tripleStochastic.mq4;128:60;'Dperiod' - variable not defined
2;75;C:\FBS Trader 4\experts\tripleStochastic.mq4;128:70;'slowing' - variable not defined
2;75;C:\FBS Trader 4\experts\tripleStochastic.mq4;134:52;'Kperiod' - variable not defined
2;75;C:\FBS Trader 4\experts\tripleStochastic.mq4;134:61;'Dperiod' - variable not defined
2;75;C:\FBS Trader 4\experts\tripleStochastic.mq4;134:71;'slowing' - variable not defined
2;75;C:\FBS Trader 4\experts\tripleStochastic.mq4;139:48;'Kperiod' - variable not defined
2;75;C:\FBS Trader 4\experts\tripleStochastic.mq4;139:57;'Dperiod' - variable not defined
2;75;C:\FBS Trader 4\experts\tripleStochastic.mq4;139:67;'slowing' - variable not defined
